# JRE version: Java(TM) SE Runtime Environment (8.0_144-b01) (build 1.8.0_144-b01)
# Java VM: Java HotSpot(TM) Client VM (25.144-b01 mixed mode windows-x86 )
Heap:
 def new generation   total 9216K, used 8566K [0x03800000, 0x041f0000, 0x08d50000)
  eden space 8256K,  97% used [0x03800000, 0x03fd9c20, 0x04010000)
  from space 960K,  54% used [0x04100000, 0x04183d60, 0x041f0000)
  to   space 960K,   0% used [0x04010000, 0x04010000, 0x04100000)
 tenured generation   total 20212K, used 14777K [0x08d50000, 0x0a10d000, 0x13800000)
   the space 20212K,  73% used [0x08d50000, 0x09bbe680, 0x09bbe800, 0x0a10d000)
 Metaspace       used 10321K, capacity 10872K, committed 11008K, reserved 11648K
GC Heap History (10 events):
Event: 64.858 GC heap before
{Heap before GC invocations=345 (full 25):
 def new generation   total 9216K, used 8747K [0x03800000, 0x041f0000, 0x08d50000)
  eden space 8256K,  97% used [0x03800000, 0x03fdb578, 0x04010000)
  from space 960K,  73% used [0x04010000, 0x040bf750, 0x04100000)
  to   space 960K,   0% used [0x04100000, 0x04100000, 0x041f0000)
 tenured generation   total 20212K, used 17576K [0x08d50000, 0x0a10d000, 0x13800000)
   the space 20212K,  86% used [0x08d50000, 0x09e7a128, 0x09e7a200, 0x0a10d000)
 Metaspace       used 10321K, capacity 10872K, committed 11008K, reserved 11648K
Event: 64.860 GC heap after
Heap after GC invocations=346 (full 25):
 def new generation   total 9216K, used 527K [0x03800000, 0x041f0000, 0x08d50000)
  eden space 8256K,   0% used [0x03800000, 0x03800000, 0x04010000)
  from space 960K,  54% used [0x04100000, 0x04183f30, 0x041f0000)
  to   space 960K,   0% used [0x04010000, 0x04010000, 0x04100000)
 tenured generation   total 20212K, used 19676K [0x08d50000, 0x0a10d000, 0x13800000)
   the space 20212K,  97% used [0x08d50000, 0x0a087228, 0x0a087400, 0x0a10d000)
 Metaspace       used 10321K, capacity 10872K, committed 11008K, reserved 11648K
}
Event: 64.955 GC heap before
{Heap before GC invocations=346 (full 25):
 def new generation   total 9216K, used 8587K [0x03800000, 0x041f0000, 0x08d50000)
  eden space 8256K,  97% used [0x03800000, 0x03fdeed8, 0x04010000)
  from space 960K,  54% used [0x04100000, 0x04183f30, 0x041f0000)
  to   space 960K,   0% used [0x04010000, 0x04010000, 0x04100000)
 tenured generation   total 20212K, used 19676K [0x08d50000, 0x0a10d000, 0x13800000)
   the space 20212K,  97% used [0x08d50000, 0x0a087228, 0x0a087400, 0x0a10d000)
 Metaspace       used 10321K, capacity 10872K, committed 11008K, reserved 11648K
Event: 64.979 GC heap after
Heap after GC invocations=347 (full 26):
 def new generation   total 9216K, used 0K [0x03800000, 0x041f0000, 0x08d50000)
  eden space 8256K,   0% used [0x03800000, 0x03800000, 0x04010000)
  from space 960K,   0% used [0x04010000, 0x04010000, 0x04100000)
  to   space 960K,   0% used [0x04100000, 0x04100000, 0x041f0000)
 tenured generation   total 20212K, used 9875K [0x08d50000, 0x0a10d000, 0x13800000)
   the space 20212K,  48% used [0x08d50000, 0x096f4eb8, 0x096f5000, 0x0a10d000)
 Metaspace       used 10321K, capacity 10872K, committed 11008K, reserved 11648K
}
Event: 65.054 GC heap before
{Heap before GC invocations=347 (full 26):
 def new generation   total 9216K, used 8226K [0x03800000, 0x041f0000, 0x08d50000)
  eden space 8256K,  99% used [0x03800000, 0x04008a08, 0x04010000)
  from space 960K,   0% used [0x04010000, 0x04010000, 0x04100000)
  to   space 960K,   0% used [0x04100000, 0x04100000, 0x041f0000)
 tenured generation   total 20212K, used 9875K [0x08d50000, 0x0a10d000, 0x13800000)
   the space 20212K,  48% used [0x08d50000, 0x096f4eb8, 0x096f5000, 0x0a10d000)
 Metaspace       used 10321K, capacity 10872K, committed 11008K, reserved 11648K
Event: 65.056 GC heap after
Heap after GC invocations=348 (full 26):
 def new generation   total 9216K, used 703K [0x03800000, 0x041f0000, 0x08d50000)
  eden space 8256K,   0% used [0x03800000, 0x03800000, 0x04010000)
  from space 960K,  73% used [0x04100000, 0x041afcb8, 0x041f0000)
  to   space 960K,   0% used [0x04010000, 0x04010000, 0x04100000)
 tenured generation   total 20212K, used 11275K [0x08d50000, 0x0a10d000, 0x13800000)
   the space 20212K,  55% used [0x08d50000, 0x09852ed8, 0x09853000, 0x0a10d000)
 Metaspace       used 10321K, capacity 10872K, committed 11008K, reserved 11648K
}
Event: 65.185 GC heap before
{Heap before GC invocations=348 (full 26):
 def new generation   total 9216K, used 8937K [0x03800000, 0x041f0000, 0x08d50000)
  eden space 8256K,  99% used [0x03800000, 0x0400aaf8, 0x04010000)
  from space 960K,  73% used [0x04100000, 0x041afcb8, 0x041f0000)
  to   space 960K,   0% used [0x04010000, 0x04010000, 0x04100000)
 tenured generation   total 20212K, used 11275K [0x08d50000, 0x0a10d000, 0x13800000)
   the space 20212K,  55% used [0x08d50000, 0x09852ed8, 0x09853000, 0x0a10d000)
 Metaspace       used 10321K, capacity 10872K, committed 11008K, reserved 11648K
Event: 65.187 GC heap after
Heap after GC invocations=349 (full 26):
 def new generation   total 9216K, used 701K [0x03800000, 0x041f0000, 0x08d50000)
  eden space 8256K,   0% used [0x03800000, 0x03800000, 0x04010000)
  from space 960K,  73% used [0x04010000, 0x040bf750, 0x04100000)
  to   space 960K,   0% used [0x04100000, 0x04100000, 0x041f0000)
 tenured generation   total 20212K, used 11976K [0x08d50000, 0x0a10d000, 0x13800000)
   the space 20212K,  59% used [0x08d50000, 0x09902250, 0x09902400, 0x0a10d000)
 Metaspace       used 10321K, capacity 10872K, committed 11008K, reserved 11648K
}
Event: 65.284 GC heap before
{Heap before GC invocations=349 (full 26):
 def new generation   total 9216K, used 8738K [0x03800000, 0x041f0000, 0x08d50000)
  eden space 8256K,  97% used [0x03800000, 0x03fd93e8, 0x04010000)
  from space 960K,  73% used [0x04010000, 0x040bf750, 0x04100000)
  to   space 960K,   0% used [0x04100000, 0x04100000, 0x041f0000)
 tenured generation   total 20212K, used 11976K [0x08d50000, 0x0a10d000, 0x13800000)
   the space 20212K,  59% used [0x08d50000, 0x09902250, 0x09902400, 0x0a10d000)
 Metaspace       used 10321K, capacity 10872K, committed 11008K, reserved 11648K
Event: 65.286 GC heap after
Heap after GC invocations=350 (full 26):
 def new generation   total 9216K, used 527K [0x03800000, 0x041f0000, 0x08d50000)
  eden space 8256K,   0% used [0x03800000, 0x03800000, 0x04010000)
  from space 960K,  54% used [0x04100000, 0x04183d60, 0x041f0000)
  to   space 960K,   0% used [0x04010000, 0x04010000, 0x04100000)
 tenured generation   total 20212K, used 14777K [0x08d50000, 0x0a10d000, 0x13800000)
   the space 20212K,  73% used [0x08d50000, 0x09bbe680, 0x09bbe800, 0x0a10d000)
 Metaspace       used 10321K, capacity 10872K, committed 11008K, reserved 11648K
}

