# JRE version: Java(TM) SE Runtime Environment (8.0_144-b01) (build 1.8.0_144-b01)
# Java VM: Java HotSpot(TM) Client VM (25.144-b01 mixed mode windows-x86 )
Heap:
 def new generation   total 11264K, used 9474K [0x03800000, 0x04430000, 0x08d50000)
  eden space 10048K,  89% used [0x03800000, 0x040bcdb0, 0x041d0000)
  from space 1216K,  43% used [0x041d0000, 0x04253b18, 0x04300000)
  to   space 1216K,   0% used [0x04300000, 0x04300000, 0x04430000)
 tenured generation   total 24912K, used 12100K [0x08d50000, 0x0a5a4000, 0x13800000)
   the space 24912K,  48% used [0x08d50000, 0x09921370, 0x09921400, 0x0a5a4000)
 Metaspace       used 12588K, capacity 13126K, committed 13184K, reserved 13696K
GC Heap History (10 events):
Event: 5564.921 GC heap before
{Heap before GC invocations=41814 (full 7):
 def new generation   total 11264K, used 10524K [0x03800000, 0x04430000, 0x08d50000)
  eden space 10048K,  99% used [0x03800000, 0x041c35d0, 0x041d0000)
  from space 1216K,  43% used [0x04300000, 0x04383b18, 0x04430000)
  to   space 1216K,   0% used [0x041d0000, 0x041d0000, 0x04300000)
 tenured generation   total 24912K, used 12100K [0x08d50000, 0x0a5a4000, 0x13800000)
   the space 24912K,  48% used [0x08d50000, 0x09921370, 0x09921400, 0x0a5a4000)
 Metaspace       used 12587K, capacity 13126K, committed 13184K, reserved 13696K
Event: 5564.922 GC heap after
Heap after GC invocations=41815 (full 7):
 def new generation   total 11264K, used 526K [0x03800000, 0x04430000, 0x08d50000)
  eden space 10048K,   0% used [0x03800000, 0x03800000, 0x041d0000)
  from space 1216K,  43% used [0x041d0000, 0x04253b18, 0x04300000)
  to   space 1216K,   0% used [0x04300000, 0x04300000, 0x04430000)
 tenured generation   total 24912K, used 12100K [0x08d50000, 0x0a5a4000, 0x13800000)
   the space 24912K,  48% used [0x08d50000, 0x09921370, 0x09921400, 0x0a5a4000)
 Metaspace       used 12587K, capacity 13126K, committed 13184K, reserved 13696K
}
Event: 5564.980 GC heap before
{Heap before GC invocations=41815 (full 7):
 def new generation   total 11264K, used 10524K [0x03800000, 0x04430000, 0x08d50000)
  eden space 10048K,  99% used [0x03800000, 0x041c35d0, 0x041d0000)
  from space 1216K,  43% used [0x041d0000, 0x04253b18, 0x04300000)
  to   space 1216K,   0% used [0x04300000, 0x04300000, 0x04430000)
 tenured generation   total 24912K, used 12100K [0x08d50000, 0x0a5a4000, 0x13800000)
   the space 24912K,  48% used [0x08d50000, 0x09921370, 0x09921400, 0x0a5a4000)
 Metaspace       used 12587K, capacity 13126K, committed 13184K, reserved 13696K
Event: 5564.981 GC heap after
Heap after GC invocations=41816 (full 7):
 def new generation   total 11264K, used 526K [0x03800000, 0x04430000, 0x08d50000)
  eden space 10048K,   0% used [0x03800000, 0x03800000, 0x041d0000)
  from space 1216K,  43% used [0x04300000, 0x04383b18, 0x04430000)
  to   space 1216K,   0% used [0x041d0000, 0x041d0000, 0x04300000)
 tenured generation   total 24912K, used 12100K [0x08d50000, 0x0a5a4000, 0x13800000)
   the space 24912K,  48% used [0x08d50000, 0x09921370, 0x09921400, 0x0a5a4000)
 Metaspace       used 12587K, capacity 13126K, committed 13184K, reserved 13696K
}
Event: 5565.110 GC heap before
{Heap before GC invocations=41816 (full 7):
 def new generation   total 11264K, used 10524K [0x03800000, 0x04430000, 0x08d50000)
  eden space 10048K,  99% used [0x03800000, 0x041c35d0, 0x041d0000)
  from space 1216K,  43% used [0x04300000, 0x04383b18, 0x04430000)
  to   space 1216K,   0% used [0x041d0000, 0x041d0000, 0x04300000)
 tenured generation   total 24912K, used 12100K [0x08d50000, 0x0a5a4000, 0x13800000)
   the space 24912K,  48% used [0x08d50000, 0x09921370, 0x09921400, 0x0a5a4000)
 Metaspace       used 12587K, capacity 13126K, committed 13184K, reserved 13696K
Event: 5565.111 GC heap after
Heap after GC invocations=41817 (full 7):
 def new generation   total 11264K, used 526K [0x03800000, 0x04430000, 0x08d50000)
  eden space 10048K,   0% used [0x03800000, 0x03800000, 0x041d0000)
  from space 1216K,  43% used [0x041d0000, 0x04253b18, 0x04300000)
  to   space 1216K,   0% used [0x04300000, 0x04300000, 0x04430000)
 tenured generation   total 24912K, used 12100K [0x08d50000, 0x0a5a4000, 0x13800000)
   the space 24912K,  48% used [0x08d50000, 0x09921370, 0x09921400, 0x0a5a4000)
 Metaspace       used 12587K, capacity 13126K, committed 13184K, reserved 13696K
}
Event: 5565.255 GC heap before
{Heap before GC invocations=41817 (full 7):
 def new generation   total 11264K, used 10524K [0x03800000, 0x04430000, 0x08d50000)
  eden space 10048K,  99% used [0x03800000, 0x041c35d0, 0x041d0000)
  from space 1216K,  43% used [0x041d0000, 0x04253b18, 0x04300000)
  to   space 1216K,   0% used [0x04300000, 0x04300000, 0x04430000)
 tenured generation   total 24912K, used 12100K [0x08d50000, 0x0a5a4000, 0x13800000)
   the space 24912K,  48% used [0x08d50000, 0x09921370, 0x09921400, 0x0a5a4000)
 Metaspace       used 12587K, capacity 13126K, committed 13184K, reserved 13696K
Event: 5565.256 GC heap after
Heap after GC invocations=41818 (full 7):
 def new generation   total 11264K, used 526K [0x03800000, 0x04430000, 0x08d50000)
  eden space 10048K,   0% used [0x03800000, 0x03800000, 0x041d0000)
  from space 1216K,  43% used [0x04300000, 0x04383b18, 0x04430000)
  to   space 1216K,   0% used [0x041d0000, 0x041d0000, 0x04300000)
 tenured generation   total 24912K, used 12100K [0x08d50000, 0x0a5a4000, 0x13800000)
   the space 24912K,  48% used [0x08d50000, 0x09921370, 0x09921400, 0x0a5a4000)
 Metaspace       used 12587K, capacity 13126K, committed 13184K, reserved 13696K
}
Event: 5565.427 GC heap before
{Heap before GC invocations=41818 (full 7):
 def new generation   total 11264K, used 10524K [0x03800000, 0x04430000, 0x08d50000)
  eden space 10048K,  99% used [0x03800000, 0x041c35d0, 0x041d0000)
  from space 1216K,  43% used [0x04300000, 0x04383b18, 0x04430000)
  to   space 1216K,   0% used [0x041d0000, 0x041d0000, 0x04300000)
 tenured generation   total 24912K, used 12100K [0x08d50000, 0x0a5a4000, 0x13800000)
   the space 24912K,  48% used [0x08d50000, 0x09921370, 0x09921400, 0x0a5a4000)
 Metaspace       used 12587K, capacity 13126K, committed 13184K, reserved 13696K
Event: 5565.429 GC heap after
Heap after GC invocations=41819 (full 7):
 def new generation   total 11264K, used 526K [0x03800000, 0x04430000, 0x08d50000)
  eden space 10048K,   0% used [0x03800000, 0x03800000, 0x041d0000)
  from space 1216K,  43% used [0x041d0000, 0x04253b18, 0x04300000)
  to   space 1216K,   0% used [0x04300000, 0x04300000, 0x04430000)
 tenured generation   total 24912K, used 12100K [0x08d50000, 0x0a5a4000, 0x13800000)
   the space 24912K,  48% used [0x08d50000, 0x09921370, 0x09921400, 0x0a5a4000)
 Metaspace       used 12587K, capacity 13126K, committed 13184K, reserved 13696K
}

