# JRE version: Java(TM) SE Runtime Environment (8.0_144-b01) (build 1.8.0_144-b01)
# Java VM: Java HotSpot(TM) Client VM (25.144-b01 mixed mode windows-x86 )
Heap:
 def new generation   total 9088K, used 6988K [0x03a00000, 0x043d0000, 0x08f50000)
  eden space 8128K,  79% used [0x03a00000, 0x0404f5f0, 0x041f0000)
  from space 960K,  54% used [0x042e0000, 0x04363a48, 0x043d0000)
  to   space 960K,   0% used [0x041f0000, 0x041f0000, 0x042e0000)
 tenured generation   total 20056K, used 19448K [0x08f50000, 0x0a2e6000, 0x13a00000)
   the space 20056K,  96% used [0x08f50000, 0x0a24e290, 0x0a24e400, 0x0a2e6000)
 Metaspace       used 12588K, capacity 13126K, committed 13184K, reserved 13696K
GC Heap History (10 events):
Event: 114.798 GC heap before
{Heap before GC invocations=744 (full 6):
 def new generation   total 9088K, used 8036K [0x03a00000, 0x043d0000, 0x08f50000)
  eden space 8128K,  92% used [0x03a00000, 0x041555f0, 0x041f0000)
  from space 960K,  54% used [0x041f0000, 0x04273a48, 0x042e0000)
  to   space 960K,   0% used [0x042e0000, 0x042e0000, 0x043d0000)
 tenured generation   total 20056K, used 19448K [0x08f50000, 0x0a2e6000, 0x13a00000)
   the space 20056K,  96% used [0x08f50000, 0x0a24e1a0, 0x0a24e200, 0x0a2e6000)
 Metaspace       used 12587K, capacity 13126K, committed 13184K, reserved 13696K
Event: 114.800 GC heap after
Heap after GC invocations=745 (full 6):
 def new generation   total 9088K, used 526K [0x03a00000, 0x043d0000, 0x08f50000)
  eden space 8128K,   0% used [0x03a00000, 0x03a00000, 0x041f0000)
  from space 960K,  54% used [0x042e0000, 0x04363a48, 0x043d0000)
  to   space 960K,   0% used [0x041f0000, 0x041f0000, 0x042e0000)
 tenured generation   total 20056K, used 19448K [0x08f50000, 0x0a2e6000, 0x13a00000)
   the space 20056K,  96% used [0x08f50000, 0x0a24e1d0, 0x0a24e200, 0x0a2e6000)
 Metaspace       used 12587K, capacity 13126K, committed 13184K, reserved 13696K
}
Event: 114.896 GC heap before
{Heap before GC invocations=745 (full 6):
 def new generation   total 9088K, used 8036K [0x03a00000, 0x043d0000, 0x08f50000)
  eden space 8128K,  92% used [0x03a00000, 0x041555f0, 0x041f0000)
  from space 960K,  54% used [0x042e0000, 0x04363a48, 0x043d0000)
  to   space 960K,   0% used [0x041f0000, 0x041f0000, 0x042e0000)
 tenured generation   total 20056K, used 19448K [0x08f50000, 0x0a2e6000, 0x13a00000)
   the space 20056K,  96% used [0x08f50000, 0x0a24e1d0, 0x0a24e200, 0x0a2e6000)
 Metaspace       used 12587K, capacity 13126K, committed 13184K, reserved 13696K
Event: 114.897 GC heap after
Heap after GC invocations=746 (full 6):
 def new generation   total 9088K, used 526K [0x03a00000, 0x043d0000, 0x08f50000)
  eden space 8128K,   0% used [0x03a00000, 0x03a00000, 0x041f0000)
  from space 960K,  54% used [0x041f0000, 0x04273a48, 0x042e0000)
  to   space 960K,   0% used [0x042e0000, 0x042e0000, 0x043d0000)
 tenured generation   total 20056K, used 19448K [0x08f50000, 0x0a2e6000, 0x13a00000)
   the space 20056K,  96% used [0x08f50000, 0x0a24e200, 0x0a24e200, 0x0a2e6000)
 Metaspace       used 12587K, capacity 13126K, committed 13184K, reserved 13696K
}
Event: 114.995 GC heap before
{Heap before GC invocations=746 (full 6):
 def new generation   total 9088K, used 8036K [0x03a00000, 0x043d0000, 0x08f50000)
  eden space 8128K,  92% used [0x03a00000, 0x041555f0, 0x041f0000)
  from space 960K,  54% used [0x041f0000, 0x04273a48, 0x042e0000)
  to   space 960K,   0% used [0x042e0000, 0x042e0000, 0x043d0000)
 tenured generation   total 20056K, used 19448K [0x08f50000, 0x0a2e6000, 0x13a00000)
   the space 20056K,  96% used [0x08f50000, 0x0a24e200, 0x0a24e200, 0x0a2e6000)
 Metaspace       used 12587K, capacity 13126K, committed 13184K, reserved 13696K
Event: 114.997 GC heap after
Heap after GC invocations=747 (full 6):
 def new generation   total 9088K, used 526K [0x03a00000, 0x043d0000, 0x08f50000)
  eden space 8128K,   0% used [0x03a00000, 0x03a00000, 0x041f0000)
  from space 960K,  54% used [0x042e0000, 0x04363a48, 0x043d0000)
  to   space 960K,   0% used [0x041f0000, 0x041f0000, 0x042e0000)
 tenured generation   total 20056K, used 19448K [0x08f50000, 0x0a2e6000, 0x13a00000)
   the space 20056K,  96% used [0x08f50000, 0x0a24e230, 0x0a24e400, 0x0a2e6000)
 Metaspace       used 12587K, capacity 13126K, committed 13184K, reserved 13696K
}
Event: 115.094 GC heap before
{Heap before GC invocations=747 (full 6):
 def new generation   total 9088K, used 8036K [0x03a00000, 0x043d0000, 0x08f50000)
  eden space 8128K,  92% used [0x03a00000, 0x041555f0, 0x041f0000)
  from space 960K,  54% used [0x042e0000, 0x04363a48, 0x043d0000)
  to   space 960K,   0% used [0x041f0000, 0x041f0000, 0x042e0000)
 tenured generation   total 20056K, used 19448K [0x08f50000, 0x0a2e6000, 0x13a00000)
   the space 20056K,  96% used [0x08f50000, 0x0a24e230, 0x0a24e400, 0x0a2e6000)
 Metaspace       used 12587K, capacity 13126K, committed 13184K, reserved 13696K
Event: 115.095 GC heap after
Heap after GC invocations=748 (full 6):
 def new generation   total 9088K, used 526K [0x03a00000, 0x043d0000, 0x08f50000)
  eden space 8128K,   0% used [0x03a00000, 0x03a00000, 0x041f0000)
  from space 960K,  54% used [0x041f0000, 0x04273a48, 0x042e0000)
  to   space 960K,   0% used [0x042e0000, 0x042e0000, 0x043d0000)
 tenured generation   total 20056K, used 19448K [0x08f50000, 0x0a2e6000, 0x13a00000)
   the space 20056K,  96% used [0x08f50000, 0x0a24e260, 0x0a24e400, 0x0a2e6000)
 Metaspace       used 12587K, capacity 13126K, committed 13184K, reserved 13696K
}
Event: 115.193 GC heap before
{Heap before GC invocations=748 (full 6):
 def new generation   total 9088K, used 8036K [0x03a00000, 0x043d0000, 0x08f50000)
  eden space 8128K,  92% used [0x03a00000, 0x041555f0, 0x041f0000)
  from space 960K,  54% used [0x041f0000, 0x04273a48, 0x042e0000)
  to   space 960K,   0% used [0x042e0000, 0x042e0000, 0x043d0000)
 tenured generation   total 20056K, used 19448K [0x08f50000, 0x0a2e6000, 0x13a00000)
   the space 20056K,  96% used [0x08f50000, 0x0a24e260, 0x0a24e400, 0x0a2e6000)
 Metaspace       used 12587K, capacity 13126K, committed 13184K, reserved 13696K
Event: 115.195 GC heap after
Heap after GC invocations=749 (full 6):
 def new generation   total 9088K, used 526K [0x03a00000, 0x043d0000, 0x08f50000)
  eden space 8128K,   0% used [0x03a00000, 0x03a00000, 0x041f0000)
  from space 960K,  54% used [0x042e0000, 0x04363a48, 0x043d0000)
  to   space 960K,   0% used [0x041f0000, 0x041f0000, 0x042e0000)
 tenured generation   total 20056K, used 19448K [0x08f50000, 0x0a2e6000, 0x13a00000)
   the space 20056K,  96% used [0x08f50000, 0x0a24e290, 0x0a24e400, 0x0a2e6000)
 Metaspace       used 12587K, capacity 13126K, committed 13184K, reserved 13696K
}

